time="2023-10-31T01:20:21+03:00" level=info msg="create router" func="main.main()" file="app.go:16"
time="2023-10-31T01:20:21+03:00" level=info msg="register user handler" func="main.main()" file="app.go:19"
time="2023-10-31T01:21:35+03:00" level=info msg="create router" func="main.main()" file="app.go:16"
time="2023-10-31T01:21:35+03:00" level=info msg="register user handler" func="main.main()" file="app.go:19"
time="2023-10-31T01:21:35+03:00" level=info msg="start application" func="main.start()" file="app.go:28"
time="2023-10-31T01:21:35+03:00" level=info msg="server is listening port 0.0.0.0:1234" func="main.start()" file="app.go:41"
time="2023-10-31T01:22:30+03:00" level=info msg="create router" func="main.main()" file="app.go:15"
time="2023-10-31T01:22:30+03:00" level=info msg="register user handler" func="main.main()" file="app.go:18"
time="2023-10-31T01:22:30+03:00" level=info msg="start application" func="main.start()" file="app.go:27"
time="2023-10-31T01:22:30+03:00" level=info msg="server is listening port 0.0.0.0:1234" func="main.start()" file="app.go:40"
time="2023-10-31T02:32:10+03:00" level=info msg="create router" func="main.main()" file="app.go:20"
time="2023-10-31T02:32:10+03:00" level=info msg="read application configuration" func="rest_api/internal/config.GetConfig.func1()" file="config.go:25"
time="2023-10-31T02:32:10+03:00" level=info msg="register user handler" func="main.main()" file="app.go:25"
time="2023-10-31T02:32:10+03:00" level=info msg="start application" func="main.start()" file="app.go:34"
time="2023-10-31T02:32:10+03:00" level=info msg="listen tcp" func="main.start()" file="app.go:52"
time="2023-10-31T02:32:10+03:00" level=info msg="server is listening port 0.0.0.0:1234" func="main.start()" file="app.go:66"
time="2023-10-31T02:33:10+03:00" level=info msg="create router" func="main.main()" file="app.go:20"
time="2023-10-31T02:33:10+03:00" level=info msg="read application configuration" func="rest_api/internal/config.GetConfig.func1()" file="config.go:25"
time="2023-10-31T02:33:10+03:00" level=info msg="register user handler" func="main.main()" file="app.go:25"
time="2023-10-31T02:33:10+03:00" level=info msg="start application" func="main.start()" file="app.go:34"
time="2023-10-31T02:33:10+03:00" level=info msg="listen tcp" func="main.start()" file="app.go:52"
time="2023-10-31T02:33:10+03:00" level=info msg="server is listening port 0.0.0.0:10000" func="main.start()" file="app.go:66"
time="2023-10-31T02:37:13+03:00" level=info msg="create router" func="main.main()" file="app.go:20"
time="2023-10-31T02:37:13+03:00" level=info msg="read application configuration" func="rest_api/internal/config.GetConfig.func1()" file="config.go:25"
time="2023-10-31T02:37:13+03:00" level=info msg="register user handler" func="main.main()" file="app.go:25"
time="2023-10-31T02:37:13+03:00" level=info msg="start application" func="main.start()" file="app.go:34"
time="2023-10-31T02:37:13+03:00" level=info msg="listen tcp" func="main.start()" file="app.go:53"
time="2023-10-31T02:37:13+03:00" level=info msg="server is listening port 0.0.0.0:10000" func="main.start()" file="app.go:55"
time="2023-10-31T02:38:48+03:00" level=info msg="create router" func="main.main()" file="app.go:20"
time="2023-10-31T02:38:48+03:00" level=info msg="read application configuration" func="rest_api/internal/config.GetConfig.func1()" file="config.go:25"
time="2023-10-31T02:38:48+03:00" level=info msg="register user handler" func="main.main()" file="app.go:25"
time="2023-10-31T02:38:48+03:00" level=info msg="start application" func="main.start()" file="app.go:34"
time="2023-10-31T02:38:48+03:00" level=info msg="detect app path" func="main.start()" file="app.go:40"
time="2023-10-31T02:38:48+03:00" level=info msg="create socket" func="main.start()" file="app.go:45"
time="2023-10-31T02:38:48+03:00" level=info msg="listen unix socket" func="main.start()" file="app.go:48"
time="2023-10-31T02:38:48+03:00" level=info msg="server is listening unix socket: C:\\Users\\Kirill\\AppData\\Local\\Temp\\go-build712062421\\b001\\exe/app.sock" func="main.start()" file="app.go:50"
time="2023-10-31T02:38:56+03:00" level=info msg="create router" func="main.main()" file="app.go:20"
time="2023-10-31T02:38:56+03:00" level=info msg="read application configuration" func="rest_api/internal/config.GetConfig.func1()" file="config.go:25"
time="2023-10-31T02:38:56+03:00" level=info msg="register user handler" func="main.main()" file="app.go:25"
time="2023-10-31T02:38:56+03:00" level=info msg="start application" func="main.start()" file="app.go:34"
time="2023-10-31T02:38:56+03:00" level=info msg="detect app path" func="main.start()" file="app.go:40"
time="2023-10-31T02:38:56+03:00" level=info msg="create socket" func="main.start()" file="app.go:45"
time="2023-10-31T02:38:56+03:00" level=info msg="listen unix socket" func="main.start()" file="app.go:48"
time="2023-10-31T02:38:56+03:00" level=info msg="server is listening unix socket: C:\\Users\\Kirill\\AppData\\Local\\Temp\\go-build3031737840\\b001\\exe/app.sock" func="main.start()" file="app.go:50"
time="2023-10-31T02:52:58+03:00" level=info msg="create router" func="main.main()" file="app.go:20"
time="2023-10-31T02:52:58+03:00" level=info msg="read application configuration" func="rest_api/internal/config.GetConfig.func1()" file="config.go:25"
time="2023-10-31T02:52:58+03:00" level=info msg="register user handler" func="main.main()" file="app.go:25"
time="2023-10-31T02:52:58+03:00" level=info msg="start application" func="main.start()" file="app.go:34"
time="2023-10-31T02:52:58+03:00" level=info msg="detect app path" func="main.start()" file="app.go:40"
time="2023-10-31T02:52:58+03:00" level=info msg="create socket" func="main.start()" file="app.go:45"
time="2023-10-31T02:52:58+03:00" level=info msg="listen unix socket" func="main.start()" file="app.go:48"
time="2023-10-31T02:52:58+03:00" level=info msg="server is listening unix socket: C:\\Users\\Kirill\\AppData\\Local\\Temp\\go-build985119564\\b001\\exe/app.sock" func="main.start()" file="app.go:50"
time="2023-11-01T16:39:18+03:00" level=info msg="create router" func="main.main()" file="app.go:23"
time="2023-11-01T16:39:18+03:00" level=info msg="read application configuration" func="rest_api/internal/config.GetConfig.func1()" file="config.go:34"
time="2023-11-06T05:05:47+03:00" level=info msg="create router" func="main.main()" file="app.go:23"
time="2023-11-06T05:05:47+03:00" level=info msg="read application configuration" func="rest_api/internal/config.GetConfig.func1()" file="config.go:34"
time="2023-11-06T05:10:23+03:00" level=info msg="create router" func="main.main()" file="app.go:23"
time="2023-11-06T05:10:23+03:00" level=info msg="read application configuration" func="rest_api/internal/config.GetConfig.func1()" file="config.go:34"
time="2023-11-06T05:11:45+03:00" level=info msg="create router" func="main.main()" file="app.go:23"
time="2023-11-06T05:11:45+03:00" level=info msg="read application configuration" func="rest_api/internal/config.GetConfig.func1()" file="config.go:34"
time="2023-11-06T05:13:08+03:00" level=info msg="create router" func="main.main()" file="app.go:23"
time="2023-11-06T05:13:08+03:00" level=info msg="read application configuration" func="rest_api/internal/config.GetConfig.func1()" file="config.go:34"
time="2023-11-06T05:30:52+03:00" level=info msg="create router" func="main.main()" file="app.go:23"
time="2023-11-06T05:30:52+03:00" level=info msg="read application configuration" func="rest_api/internal/config.GetConfig.func1()" file="config.go:34"
time="2023-11-06T05:33:48+03:00" level=info msg="create router" func="main.main()" file="app.go:23"
time="2023-11-06T05:33:48+03:00" level=info msg="read application configuration" func="rest_api/internal/config.GetConfig.func1()" file="config.go:34"
time="2023-11-06T05:48:28+03:00" level=info msg="create router" func="main.main()" file="app.go:23"
time="2023-11-06T05:48:28+03:00" level=info msg="read application configuration" func="rest_api/internal/config.GetConfig.func1()" file="config.go:34"
time="2023-11-06T05:49:32+03:00" level=info msg="create router" func="main.main()" file="app.go:23"
time="2023-11-06T05:49:32+03:00" level=info msg="read application configuration" func="rest_api/internal/config.GetConfig.func1()" file="config.go:34"
time="2023-11-06T05:49:50+03:00" level=info msg="create router" func="main.main()" file="app.go:23"
time="2023-11-06T05:49:50+03:00" level=info msg="read application configuration" func="rest_api/internal/config.GetConfig.func1()" file="config.go:34"
time="2023-11-06T05:52:36+03:00" level=info msg="create router" func="main.main()" file="app.go:23"
time="2023-11-06T05:52:36+03:00" level=info msg="read application configuration" func="rest_api/internal/config.GetConfig.func1()" file="config.go:34"
time="2023-11-06T05:54:00+03:00" level=info msg="create router" func="main.main()" file="app.go:23"
time="2023-11-06T05:54:00+03:00" level=info msg="read application configuration" func="rest_api/internal/config.GetConfig.func1()" file="config.go:34"
time="2023-11-06T05:54:00+03:00" level=trace msg="SQL Query:  \t\tSELECT id, name \t\tFROM public.author \t" func="rest_api/internal/author/db.(*repository).FindAll()" file="postrgesql.go:66"
time="2023-11-06T05:54:00+03:00" level=fatal msg="ОШИБКА: отношение \"public.author\" не существует (SQLSTATE 42P01)" func="main.main()" file="app.go:36"
time="2023-11-06T05:56:27+03:00" level=info msg="create router" func="main.main()" file="app.go:23"
time="2023-11-06T05:56:27+03:00" level=info msg="read application configuration" func="rest_api/internal/config.GetConfig.func1()" file="config.go:34"
time="2023-11-06T05:56:27+03:00" level=trace msg="SQL Query:  SELECT id, name FROM public.author " func="rest_api/internal/author/db.(*repository).FindAll()" file="postrgesql.go:66"
time="2023-11-06T05:56:27+03:00" level=fatal msg="ОШИБКА: отношение \"public.author\" не существует (SQLSTATE 42P01)" func="main.main()" file="app.go:36"
time="2023-11-06T05:58:10+03:00" level=info msg="create router" func="main.main()" file="app.go:23"
time="2023-11-06T05:58:10+03:00" level=info msg="read application configuration" func="rest_api/internal/config.GetConfig.func1()" file="config.go:34"
time="2023-11-06T05:58:10+03:00" level=trace msg="SQL Query:  SELECT id, name FROM public.author " func="rest_api/internal/author/db.(*repository).FindAll()" file="postrgesql.go:66"
time="2023-11-06T05:58:10+03:00" level=fatal msg="ОШИБКА: отношение \"public.author\" не существует (SQLSTATE 42P01)" func="main.main()" file="app.go:36"
time="2023-11-06T05:59:03+03:00" level=info msg="create router" func="main.main()" file="app.go:23"
time="2023-11-06T05:59:03+03:00" level=info msg="read application configuration" func="rest_api/internal/config.GetConfig.func1()" file="config.go:34"
time="2023-11-06T05:59:03+03:00" level=trace msg="SQL Query:  SELECT id, name FROM author " func="rest_api/internal/author/db.(*repository).FindAll()" file="postrgesql.go:66"
time="2023-11-06T05:59:03+03:00" level=fatal msg="ОШИБКА: отношение \"author\" не существует (SQLSTATE 42P01)" func="main.main()" file="app.go:36"
time="2023-11-06T06:02:29+03:00" level=info msg="create router" func="main.main()" file="app.go:23"
time="2023-11-06T06:02:29+03:00" level=info msg="read application configuration" func="rest_api/internal/config.GetConfig.func1()" file="config.go:34"
time="2023-11-06T06:02:30+03:00" level=trace msg="SQL Query:  SELECT id, name FROM author " func="rest_api/internal/author/db.(*repository).FindAll()" file="postrgesql.go:66"
time="2023-11-06T06:02:30+03:00" level=fatal msg="ОШИБКА: отношение \"author\" не существует (SQLSTATE 42P01)" func="main.main()" file="app.go:36"
time="2023-11-06T06:03:12+03:00" level=info msg="create router" func="main.main()" file="app.go:23"
time="2023-11-06T06:03:12+03:00" level=info msg="read application configuration" func="rest_api/internal/config.GetConfig.func1()" file="config.go:34"
time="2023-11-06T06:03:12+03:00" level=trace msg="SQL Query:  SELECT id, name FROM author " func="rest_api/internal/author/db.(*repository).FindAll()" file="postrgesql.go:66"
time="2023-11-06T06:03:12+03:00" level=fatal msg="ОШИБКА: отношение \"author\" не существует (SQLSTATE 42P01)" func="main.main()" file="app.go:36"
time="2023-11-06T06:04:35+03:00" level=info msg="create router" func="main.main()" file="app.go:23"
time="2023-11-06T06:04:35+03:00" level=info msg="read application configuration" func="rest_api/internal/config.GetConfig.func1()" file="config.go:34"
time="2023-11-06T06:04:35+03:00" level=trace msg="SQL Query:  SELECT id, name FROM author " func="rest_api/internal/author/db.(*repository).FindAll()" file="postrgesql.go:66"
time="2023-11-06T06:04:35+03:00" level=fatal msg="ОШИБКА: отношение \"author\" не существует (SQLSTATE 42P01)" func="main.main()" file="app.go:36"
time="2023-11-06T06:08:08+03:00" level=info msg="create router" func="main.main()" file="app.go:23"
time="2023-11-06T06:08:08+03:00" level=info msg="read application configuration" func="rest_api/internal/config.GetConfig.func1()" file="config.go:34"
time="2023-11-06T06:08:08+03:00" level=trace msg="SQL Query:  SELECT id, name FROM author; " func="rest_api/internal/author/db.(*repository).FindAll()" file="postrgesql.go:66"
time="2023-11-06T06:08:08+03:00" level=fatal msg="ОШИБКА: отношение \"author\" не существует (SQLSTATE 42P01)" func="main.main()" file="app.go:36"
time="2023-11-06T06:09:25+03:00" level=info msg="create router" func="main.main()" file="app.go:23"
time="2023-11-06T06:09:25+03:00" level=info msg="read application configuration" func="rest_api/internal/config.GetConfig.func1()" file="config.go:34"
time="2023-11-06T06:09:25+03:00" level=trace msg="SQL Query:  SELECT id, name FROM author " func="rest_api/internal/author/db.(*repository).FindAll()" file="postrgesql.go:66"
time="2023-11-06T06:09:25+03:00" level=fatal msg="ОШИБКА: отношение \"author\" не существует (SQLSTATE 42P01)" func="main.main()" file="app.go:36"
time="2023-11-06T06:14:11+03:00" level=info msg="create router" func="main.main()" file="app.go:24"
time="2023-11-06T06:14:11+03:00" level=info msg="read application configuration" func="rest_api/internal/config.GetConfig.func1()" file="config.go:34"
time="2023-11-06T06:14:11+03:00" level=trace msg="SQL Query:  INSERT INTO author (name)  VALUES ($1)  RETURNING id " func="rest_api/internal/author/db.(*repository).Create()" file="postrgesql.go:30"
time="2023-11-06T06:14:11+03:00" level=error msg="SQL Error: отношение \"author\" не существует, Detail: , Where: , Code: 42P01, SQLState: 42P01" func="rest_api/internal/author/db.(*repository).Create()" file="postrgesql.go:34"
time="2023-11-06T06:14:11+03:00" level=fatal msg="SQL Error: отношение \"author\" не существует, Detail: , Where: , Code: 42P01, SQLState: 42P01" func="main.main()" file="app.go:39"
time="2023-11-06T06:15:47+03:00" level=info msg="create router" func="main.main()" file="app.go:24"
time="2023-11-06T06:15:47+03:00" level=info msg="read application configuration" func="rest_api/internal/config.GetConfig.func1()" file="config.go:34"
time="2023-11-06T06:15:47+03:00" level=trace msg="SQL Query:  INSERT INTO author (name)  VALUES ($1)  RETURNING id " func="rest_api/internal/author/db.(*repository).Create()" file="postrgesql.go:30"
time="2023-11-06T06:15:47+03:00" level=error msg="SQL Error: отношение \"author\" не существует, Detail: , Where: , Code: 42P01, SQLState: 42P01" func="rest_api/internal/author/db.(*repository).Create()" file="postrgesql.go:34"
time="2023-11-06T06:15:47+03:00" level=fatal msg="SQL Error: отношение \"author\" не существует, Detail: , Where: , Code: 42P01, SQLState: 42P01" func="main.main()" file="app.go:39"
time="2023-11-06T06:20:18+03:00" level=info msg="create router" func="main.main()" file="app.go:24"
time="2023-11-06T06:20:18+03:00" level=info msg="read application configuration" func="rest_api/internal/config.GetConfig.func1()" file="config.go:34"
time="2023-11-06T06:20:18+03:00" level=trace msg="SQL Query:  INSERT INTO author  (name)  VALUES  ($1)  RETURNING id " func="rest_api/internal/author/db.(*repository).Create()" file="postrgesql.go:32"
time="2023-11-06T06:20:18+03:00" level=error msg="SQL Error: отношение \"author\" не существует, Detail: , Where: , Code: 42P01, SQLState: 42P01" func="rest_api/internal/author/db.(*repository).Create()" file="postrgesql.go:36"
time="2023-11-06T06:20:18+03:00" level=fatal msg="SQL Error: отношение \"author\" не существует, Detail: , Where: , Code: 42P01, SQLState: 42P01" func="main.main()" file="app.go:39"
time="2023-11-06T06:21:17+03:00" level=info msg="create router" func="main.main()" file="app.go:24"
time="2023-11-06T06:21:17+03:00" level=info msg="read application configuration" func="rest_api/internal/config.GetConfig.func1()" file="config.go:34"
time="2023-11-06T06:21:18+03:00" level=trace msg="SQL Query:  INSERT INTO author  (name)  VALUES  ($1)  RETURNING id " func="rest_api/internal/author/db.(*repository).Create()" file="postrgesql.go:32"
time="2023-11-06T06:21:18+03:00" level=error msg="SQL Error: отношение \"author\" не существует, Detail: , Where: , Code: 42P01, SQLState: 42P01" func="rest_api/internal/author/db.(*repository).Create()" file="postrgesql.go:36"
time="2023-11-06T06:21:18+03:00" level=fatal msg="SQL Error: отношение \"author\" не существует, Detail: , Where: , Code: 42P01, SQLState: 42P01" func="main.main()" file="app.go:39"
time="2023-11-06T06:23:34+03:00" level=info msg="create router" func="main.main()" file="app.go:24"
time="2023-11-06T06:23:34+03:00" level=info msg="read application configuration" func="rest_api/internal/config.GetConfig.func1()" file="config.go:34"
time="2023-11-06T06:23:35+03:00" level=trace msg="SQL Query:  INSERT INTO author  (name)  VALUES  ($1)  RETURNING id " func="rest_api/internal/author/db.(*repository).Create()" file="postrgesql.go:32"
time="2023-11-06T06:23:35+03:00" level=error msg="SQL Error: отношение \"author\" не существует, Detail: , Where: , Code: 42P01, SQLState: 42P01" func="rest_api/internal/author/db.(*repository).Create()" file="postrgesql.go:36"
time="2023-11-06T06:23:35+03:00" level=fatal msg="SQL Error: отношение \"author\" не существует, Detail: , Where: , Code: 42P01, SQLState: 42P01" func="main.main()" file="app.go:39"
time="2023-11-06T06:24:15+03:00" level=info msg="create router" func="main.main()" file="app.go:24"
time="2023-11-06T06:24:15+03:00" level=info msg="read application configuration" func="rest_api/internal/config.GetConfig.func1()" file="config.go:34"
time="2023-11-06T06:24:15+03:00" level=trace msg="SQL Query:  INSERT INTO public.author  (name)  VALUES  ($1)  RETURNING id " func="rest_api/internal/author/db.(*repository).Create()" file="postrgesql.go:32"
time="2023-11-06T06:24:15+03:00" level=error msg="SQL Error: отношение \"public.author\" не существует, Detail: , Where: , Code: 42P01, SQLState: 42P01" func="rest_api/internal/author/db.(*repository).Create()" file="postrgesql.go:36"
time="2023-11-06T06:24:15+03:00" level=fatal msg="SQL Error: отношение \"public.author\" не существует, Detail: , Where: , Code: 42P01, SQLState: 42P01" func="main.main()" file="app.go:39"
time="2023-11-06T06:25:44+03:00" level=info msg="create router" func="main.main()" file="app.go:24"
time="2023-11-06T06:25:44+03:00" level=info msg="read application configuration" func="rest_api/internal/config.GetConfig.func1()" file="config.go:34"
time="2023-11-06T06:25:44+03:00" level=trace msg="SQL Query:  INSERT INTO author  (name)  VALUES  ($1)  RETURNING id %!(EXTRA string=author)" func="rest_api/internal/author/db.(*repository).Create()" file="postrgesql.go:32"
time="2023-11-06T06:25:44+03:00" level=error msg="SQL Error: ошибка синтаксиса (примерное положение: \"string\"), Detail: , Where: , Code: 42601, SQLState: 42601" func="rest_api/internal/author/db.(*repository).Create()" file="postrgesql.go:36"
time="2023-11-06T06:25:44+03:00" level=fatal msg="SQL Error: ошибка синтаксиса (примерное положение: \"string\"), Detail: , Where: , Code: 42601, SQLState: 42601" func="main.main()" file="app.go:39"
time="2023-11-06T06:26:09+03:00" level=info msg="create router" func="main.main()" file="app.go:24"
time="2023-11-06T06:26:09+03:00" level=info msg="read application configuration" func="rest_api/internal/config.GetConfig.func1()" file="config.go:34"
time="2023-11-06T06:26:09+03:00" level=trace msg="SQL Query:  INSERT INTO author  (author)  VALUES  ($1)  RETURNING id " func="rest_api/internal/author/db.(*repository).Create()" file="postrgesql.go:32"
time="2023-11-06T06:26:09+03:00" level=error msg="SQL Error: отношение \"author\" не существует, Detail: , Where: , Code: 42P01, SQLState: 42P01" func="rest_api/internal/author/db.(*repository).Create()" file="postrgesql.go:36"
time="2023-11-06T06:26:09+03:00" level=fatal msg="SQL Error: отношение \"author\" не существует, Detail: , Where: , Code: 42P01, SQLState: 42P01" func="main.main()" file="app.go:39"
time="2023-11-06T06:29:22+03:00" level=info msg="create router" func="main.main()" file="app.go:24"
time="2023-11-06T06:29:22+03:00" level=info msg="read application configuration" func="rest_api/internal/config.GetConfig.func1()" file="config.go:34"
time="2023-11-06T06:29:22+03:00" level=trace msg="SQL Query:  INSERT INTO author  (author)  VALUES  ($1)  RETURNING id " func="rest_api/internal/author/db.(*repository).Create()" file="postrgesql.go:32"
time="2023-11-06T06:29:22+03:00" level=error msg="SQL Error: отношение \"author\" не существует, Detail: , Where: , Code: 42P01, SQLState: 42P01" func="rest_api/internal/author/db.(*repository).Create()" file="postrgesql.go:36"
time="2023-11-06T06:29:22+03:00" level=fatal msg="SQL Error: отношение \"author\" не существует, Detail: , Where: , Code: 42P01, SQLState: 42P01" func="main.main()" file="app.go:39"
time="2023-11-06T06:30:09+03:00" level=info msg="create router" func="main.main()" file="app.go:24"
time="2023-11-06T06:30:09+03:00" level=info msg="read application configuration" func="rest_api/internal/config.GetConfig.func1()" file="config.go:34"
time="2023-11-06T06:30:09+03:00" level=trace msg="SQL Query:  INSERT INTO author  (name)  VALUES  ($1)  RETURNING id " func="rest_api/internal/author/db.(*repository).Create()" file="postrgesql.go:32"
time="2023-11-06T06:30:09+03:00" level=error msg="SQL Error: отношение \"author\" не существует, Detail: , Where: , Code: 42P01, SQLState: 42P01" func="rest_api/internal/author/db.(*repository).Create()" file="postrgesql.go:36"
time="2023-11-06T06:30:09+03:00" level=fatal msg="SQL Error: отношение \"author\" не существует, Detail: , Where: , Code: 42P01, SQLState: 42P01" func="main.main()" file="app.go:39"
time="2023-11-06T06:31:20+03:00" level=info msg="create router" func="main.main()" file="app.go:24"
time="2023-11-06T06:31:20+03:00" level=info msg="read application configuration" func="rest_api/internal/config.GetConfig.func1()" file="config.go:34"
time="2023-11-06T06:31:21+03:00" level=trace msg="SQL Query:  INSERT INTO public.author  (name)  VALUES  ($1)  RETURNING id " func="rest_api/internal/author/db.(*repository).Create()" file="postrgesql.go:32"
time="2023-11-06T06:31:21+03:00" level=error msg="SQL Error: отношение \"public.author\" не существует, Detail: , Where: , Code: 42P01, SQLState: 42P01" func="rest_api/internal/author/db.(*repository).Create()" file="postrgesql.go:36"
time="2023-11-06T06:31:21+03:00" level=fatal msg="SQL Error: отношение \"public.author\" не существует, Detail: , Where: , Code: 42P01, SQLState: 42P01" func="main.main()" file="app.go:39"
time="2023-11-06T06:31:47+03:00" level=info msg="create router" func="main.main()" file="app.go:24"
time="2023-11-06T06:31:47+03:00" level=info msg="read application configuration" func="rest_api/internal/config.GetConfig.func1()" file="config.go:34"
time="2023-11-06T06:31:47+03:00" level=trace msg="SQL Query:  INSERT INTO (name)  VALUES  ($1)  RETURNING id " func="rest_api/internal/author/db.(*repository).Create()" file="postrgesql.go:31"
time="2023-11-06T06:31:47+03:00" level=error msg="SQL Error: ошибка синтаксиса (примерное положение: \"(\"), Detail: , Where: , Code: 42601, SQLState: 42601" func="rest_api/internal/author/db.(*repository).Create()" file="postrgesql.go:35"
time="2023-11-06T06:31:47+03:00" level=fatal msg="SQL Error: ошибка синтаксиса (примерное положение: \"(\"), Detail: , Where: , Code: 42601, SQLState: 42601" func="main.main()" file="app.go:39"
time="2023-11-06T06:32:00+03:00" level=info msg="create router" func="main.main()" file="app.go:24"
time="2023-11-06T06:32:00+03:00" level=info msg="read application configuration" func="rest_api/internal/config.GetConfig.func1()" file="config.go:34"
time="2023-11-06T06:32:00+03:00" level=trace msg="SQL Query:  INSERT INTO author (name)  VALUES  ($1)  RETURNING id " func="rest_api/internal/author/db.(*repository).Create()" file="postrgesql.go:31"
time="2023-11-06T06:32:00+03:00" level=error msg="SQL Error: отношение \"author\" не существует, Detail: , Where: , Code: 42P01, SQLState: 42P01" func="rest_api/internal/author/db.(*repository).Create()" file="postrgesql.go:35"
time="2023-11-06T06:32:00+03:00" level=fatal msg="SQL Error: отношение \"author\" не существует, Detail: , Where: , Code: 42P01, SQLState: 42P01" func="main.main()" file="app.go:39"
time="2023-11-06T06:34:56+03:00" level=info msg="create router" func="main.main()" file="app.go:24"
time="2023-11-06T06:34:56+03:00" level=info msg="read application configuration" func="rest_api/internal/config.GetConfig.func1()" file="config.go:34"
time="2023-11-06T06:34:56+03:00" level=trace msg="SQL Query: INSERT INTO author (name) VALUES($1) RETURNING id" func="rest_api/internal/author/db.(*repository).Create()" file="postrgesql.go:28"
time="2023-11-06T06:34:56+03:00" level=error msg="SQL Error: отношение \"author\" не существует, Detail: , Where: , Code: 42P01, SQLState: 42P01" func="rest_api/internal/author/db.(*repository).Create()" file="postrgesql.go:32"
time="2023-11-06T06:34:56+03:00" level=fatal msg="SQL Error: отношение \"author\" не существует, Detail: , Where: , Code: 42P01, SQLState: 42P01" func="main.main()" file="app.go:39"
time="2023-11-06T06:36:10+03:00" level=info msg="create router" func="main.main()" file="app.go:24"
time="2023-11-06T06:36:10+03:00" level=info msg="read application configuration" func="rest_api/internal/config.GetConfig.func1()" file="config.go:34"
time="2023-11-06T06:36:10+03:00" level=trace msg="SQL Query: INSERT INTO author (name) VALUES($1) RETURNING id" func="rest_api/internal/author/db.(*repository).Create()" file="postrgesql.go:28"
time="2023-11-06T06:36:10+03:00" level=fatal msg="ОШИБКА: отношение \"author\" не существует (SQLSTATE 42P01)" func="main.main()" file="app.go:39"
time="2023-11-06T17:40:01+03:00" level=info msg="create router" func="main.main()" file="app.go:24"
time="2023-11-06T17:40:01+03:00" level=info msg="read application configuration" func="rest_api/internal/config.GetConfig.func1()" file="config.go:34"
time="2023-11-06T17:40:01+03:00" level=trace msg="SQL Query: INSERT INTO author (name) VALUES($1) RETURNING id" func="rest_api/internal/author/db.(*repository).Create()" file="postrgesql.go:26"
time="2023-11-06T17:40:01+03:00" level=error msg="SQL Error: отношение \"author\" не существует, Detail: , Where: , Code: 42P01, SQLState: 42P01" func="rest_api/internal/author/db.(*repository).Create()" file="postrgesql.go:30"
time="2023-11-06T17:40:01+03:00" level=fatal msg="SQL Error: отношение \"author\" не существует, Detail: , Where: , Code: 42P01, SQLState: 42P01" func="main.main()" file="app.go:39"
time="2023-11-06T17:40:53+03:00" level=info msg="create router" func="main.main()" file="app.go:24"
time="2023-11-06T17:40:53+03:00" level=info msg="read application configuration" func="rest_api/internal/config.GetConfig.func1()" file="config.go:34"
time="2023-11-06T17:40:53+03:00" level=trace msg="SQL Query: INSERT INTO author (name) VALUES($1) RETURNING id" func="rest_api/internal/author/db.(*repository).Create()" file="postrgesql.go:26"
time="2023-11-06T17:40:53+03:00" level=error msg="SQL Error: отношение \"author\" не существует, Detail: , Where: , Code: 42P01, SQLState: 42P01" func="rest_api/internal/author/db.(*repository).Create()" file="postrgesql.go:30"
time="2023-11-06T17:40:53+03:00" level=fatal msg="SQL Error: отношение \"author\" не существует, Detail: , Where: , Code: 42P01, SQLState: 42P01" func="main.main()" file="app.go:39"
time="2023-11-06T17:41:12+03:00" level=info msg="create router" func="main.main()" file="app.go:24"
time="2023-11-06T17:41:12+03:00" level=info msg="read application configuration" func="rest_api/internal/config.GetConfig.func1()" file="config.go:34"
time="2023-11-06T17:41:12+03:00" level=trace msg="SQL Query: INSERT INTO author (name) VALUES($1) RETURNING id" func="rest_api/internal/author/db.(*repository).Create()" file="postrgesql.go:26"
time="2023-11-06T17:41:12+03:00" level=error msg="SQL Error: отношение \"author\" не существует, Detail: , Where: , Code: 42P01, SQLState: 42P01" func="rest_api/internal/author/db.(*repository).Create()" file="postrgesql.go:30"
time="2023-11-06T17:41:12+03:00" level=fatal msg="SQL Error: отношение \"author\" не существует, Detail: , Where: , Code: 42P01, SQLState: 42P01" func="main.main()" file="app.go:39"
time="2023-11-06T17:44:43+03:00" level=info msg="create router" func="main.main()" file="app.go:24"
time="2023-11-06T17:44:43+03:00" level=info msg="read application configuration" func="rest_api/internal/config.GetConfig.func1()" file="config.go:34"
time="2023-11-06T17:44:43+03:00" level=fatal msg="ОШИБКА: отношение \"author\" не существует (SQLSTATE 42P01)" func="main.main()" file="app.go:39"
time="2023-11-06T17:50:18+03:00" level=info msg="create router" func="main.main()" file="app.go:24"
time="2023-11-06T17:50:18+03:00" level=info msg="read application configuration" func="rest_api/internal/config.GetConfig.func1()" file="config.go:34"
time="2023-11-06T17:50:18+03:00" level=fatal msg="ОШИБКА: отношение \"author\" не существует (SQLSTATE 42P01)" func="main.main()" file="app.go:39"
time="2023-11-06T17:52:29+03:00" level=info msg="create router" func="main.main()" file="app.go:24"
time="2023-11-06T17:52:29+03:00" level=info msg="read application configuration" func="rest_api/internal/config.GetConfig.func1()" file="config.go:34"
time="2023-11-06T17:52:29+03:00" level=trace msg="SQL Query: INSERT INTO author  (name)   VALUES  ($1)   RETURNING id  " func="rest_api/internal/author/db.(*repository).Create()" file="postrgesql.go:31"
time="2023-11-06T17:52:29+03:00" level=error msg="SQL Error: отношение \"author\" не существует, Detail: , Where: , Code: 42P01, SQLState: 42P01" func="rest_api/internal/author/db.(*repository).Create()" file="postrgesql.go:35"
time="2023-11-06T17:52:29+03:00" level=fatal msg="SQL Error: отношение \"author\" не существует, Detail: , Where: , Code: 42P01, SQLState: 42P01" func="main.main()" file="app.go:39"
time="2023-11-06T17:57:18+03:00" level=info msg="create router" func="main.main()" file="app.go:24"
time="2023-11-06T17:57:18+03:00" level=info msg="read application configuration" func="rest_api/internal/config.GetConfig.func1()" file="config.go:34"
time="2023-11-06T17:57:18+03:00" level=trace msg="SQL Query: INSERT INTO 'author'  (name)   VALUES  ($1)   RETURNING id  " func="rest_api/internal/author/db.(*repository).Create()" file="postrgesql.go:31"
time="2023-11-06T17:57:18+03:00" level=error msg="SQL Error: ошибка синтаксиса (примерное положение: \"'author'\"), Detail: , Where: , Code: 42601, SQLState: 42601" func="rest_api/internal/author/db.(*repository).Create()" file="postrgesql.go:35"
time="2023-11-06T17:57:18+03:00" level=fatal msg="SQL Error: ошибка синтаксиса (примерное положение: \"'author'\"), Detail: , Where: , Code: 42601, SQLState: 42601" func="main.main()" file="app.go:39"
time="2023-11-06T17:57:36+03:00" level=info msg="create router" func="main.main()" file="app.go:24"
time="2023-11-06T17:57:36+03:00" level=info msg="read application configuration" func="rest_api/internal/config.GetConfig.func1()" file="config.go:34"
time="2023-11-06T17:57:36+03:00" level=trace msg="SQL Query: INSERT INTO \"author\"  (name)   VALUES  ($1)   RETURNING id  " func="rest_api/internal/author/db.(*repository).Create()" file="postrgesql.go:31"
time="2023-11-06T17:57:36+03:00" level=error msg="SQL Error: отношение \"author\" не существует, Detail: , Where: , Code: 42P01, SQLState: 42P01" func="rest_api/internal/author/db.(*repository).Create()" file="postrgesql.go:35"
time="2023-11-06T17:57:36+03:00" level=fatal msg="SQL Error: отношение \"author\" не существует, Detail: , Where: , Code: 42P01, SQLState: 42P01" func="main.main()" file="app.go:39"
time="2023-11-06T17:58:16+03:00" level=info msg="create router" func="main.main()" file="app.go:24"
time="2023-11-06T17:58:16+03:00" level=info msg="read application configuration" func="rest_api/internal/config.GetConfig.func1()" file="config.go:34"
time="2023-11-06T17:58:16+03:00" level=trace msg="SQL Query: INSERT INTO public.author  (name)   VALUES  ($1)   RETURNING id  " func="rest_api/internal/author/db.(*repository).Create()" file="postrgesql.go:31"
time="2023-11-06T17:58:16+03:00" level=error msg="SQL Error: отношение \"public.author\" не существует, Detail: , Where: , Code: 42P01, SQLState: 42P01" func="rest_api/internal/author/db.(*repository).Create()" file="postrgesql.go:35"
time="2023-11-06T17:58:16+03:00" level=fatal msg="SQL Error: отношение \"public.author\" не существует, Detail: , Where: , Code: 42P01, SQLState: 42P01" func="main.main()" file="app.go:39"
time="2023-11-06T18:00:47+03:00" level=info msg="create router" func="main.main()" file="app.go:24"
time="2023-11-06T18:00:47+03:00" level=info msg="read application configuration" func="rest_api/internal/config.GetConfig.func1()" file="config.go:34"
time="2023-11-06T18:00:47+03:00" level=trace msg="SQL Query: INSERT INTO  (name)   VALUES  ($1)   RETURNING id  " func="rest_api/internal/author/db.(*repository).Create()" file="postrgesql.go:31"
time="2023-11-06T18:00:47+03:00" level=error msg="SQL Error: ошибка синтаксиса (примерное положение: \"(\"), Detail: , Where: , Code: 42601, SQLState: 42601" func="rest_api/internal/author/db.(*repository).Create()" file="postrgesql.go:35"
time="2023-11-06T18:00:47+03:00" level=fatal msg="SQL Error: ошибка синтаксиса (примерное положение: \"(\"), Detail: , Where: , Code: 42601, SQLState: 42601" func="main.main()" file="app.go:39"
time="2023-11-06T18:01:14+03:00" level=info msg="create router" func="main.main()" file="app.go:24"
time="2023-11-06T18:01:14+03:00" level=info msg="read application configuration" func="rest_api/internal/config.GetConfig.func1()" file="config.go:34"
time="2023-11-06T18:01:14+03:00" level=trace msg="SQL Query: INSERT INTO author  (name)   VALUES  ($1)   RETURNING id  " func="rest_api/internal/author/db.(*repository).Create()" file="postrgesql.go:31"
time="2023-11-06T18:01:14+03:00" level=error msg="SQL Error: отношение \"author\" не существует, Detail: , Where: , Code: 42P01, SQLState: 42P01" func="rest_api/internal/author/db.(*repository).Create()" file="postrgesql.go:35"
time="2023-11-06T18:01:14+03:00" level=fatal msg="SQL Error: отношение \"author\" не существует, Detail: , Where: , Code: 42P01, SQLState: 42P01" func="main.main()" file="app.go:39"
time="2023-11-06T18:01:40+03:00" level=info msg="create router" func="main.main()" file="app.go:24"
time="2023-11-06T18:01:40+03:00" level=info msg="read application configuration" func="rest_api/internal/config.GetConfig.func1()" file="config.go:34"
time="2023-11-06T18:01:40+03:00" level=trace msg="SQL Query: INSERT INTO author (name)   VALUES ($1)   RETURNING id  " func="rest_api/internal/author/db.(*repository).Create()" file="postrgesql.go:29"
time="2023-11-06T18:01:40+03:00" level=error msg="SQL Error: отношение \"author\" не существует, Detail: , Where: , Code: 42P01, SQLState: 42P01" func="rest_api/internal/author/db.(*repository).Create()" file="postrgesql.go:33"
time="2023-11-06T18:01:40+03:00" level=fatal msg="SQL Error: отношение \"author\" не существует, Detail: , Where: , Code: 42P01, SQLState: 42P01" func="main.main()" file="app.go:39"
time="2023-11-06T19:02:51+03:00" level=info msg="create router" func="main.main()" file="app.go:24"
time="2023-11-06T19:02:51+03:00" level=info msg="read application configuration" func="rest_api/internal/config.GetConfig.func1()" file="config.go:34"
time="2023-11-06T19:02:51+03:00" level=trace msg="SQL Query: INSERT INTO author (name)   VALUES ($1)   RETURNING id  " func="rest_api/internal/author/db.(*repository).Create()" file="postrgesql.go:29"
time="2023-11-06T19:02:51+03:00" level=error msg="SQL Error: отношение \"author\" не существует, Detail: , Where: , Code: 42P01, SQLState: 42P01" func="rest_api/internal/author/db.(*repository).Create()" file="postrgesql.go:33"
time="2023-11-06T19:02:51+03:00" level=fatal msg="SQL Error: отношение \"author\" не существует, Detail: , Where: , Code: 42P01, SQLState: 42P01" func="main.main()" file="app.go:39"
